# Showcases for using with Slackware Live:
## Only install on the flavors other than XFCE.
#NetworkManager-openconnect
#NetworkManager-openvpn
#calibre
#chromium
#chromium-pepperflash-plugin
#chromium-widevine-plugin
#dropbox-client
#ffmpeg 	# Officical repo has newer one.
#freerdp
#gcc5
#gecko-mediaplayer
#gnome-mplayer  (only available in gtk+ env)
#gst-plugins-ffmpeg0
#gst-plugins-libav
#keepassx  (don't install since I make my own)
#libreoffice
#libreoffice-dict-en
#libreoffice-l10n-zh_CN
#libstatgrab
#libtinfo
#nodejs
#openconnect
#oxygen-gtk2
#p7zip
#palemoon
#python-twisted
#sshfs-fuse
#veracrypt	# I had already built it.
#unrar
vlc
openjdk

# LXQT deps:
# If you are making a standalone LXQT Live ISO, then please note that LXQT
# needs quite a bit of Plasma5 packages and deps.
# Therefore you might want to use these definition files instead:
# ./pkglists/lxqtdeps.* and ./pkglists/lxqt.*
#obconf
#openbox

# LXQT:
