BeautifulSoup
accountsservice
alacarte
autoconf-archive
caribou
cinnamon
cinnamon-control-center
cinnamon-desktop
cinnamon-menus
cinnamon-screensaver
cinnamon-session
cinnamon-settings-daemon
cinnamon-themes
cinnamon-translations
cjs
clutter
clutter-gtk
cogl
colord
cracklib
dbus-python3
gksu
gnome-common
gnome-menus
graphviz
json-glib
krb5
libgee
libgksu
libgnomekbd
libgtop
libgusb
lxml
metacity
mint-y-icons
mint-y-theme
mozjs
muffin
nemo
pam
pangox-compat
pexpect
pia-manager
polib
ptyprocess
py3cairo
pygobject3-python3
python-pam
python3
setproctitle
speex
vala
xapps
zenity
