# MSB DEPS:
docutils
gksu
gssdp
gtk-engines
gtksourceview
gupnp
libgksu
libgtop
liboobs
libunique
murrine
pangox-compat
perl-net-dbus
perl-xml-twig
pygtksourceview
rarian
system-tools-backends
yelp-tools
yelp-xsl
zenity

# MSB BASE:
caja
engrampa
eom
libmatekbd
libmatemixer
libmateweather
marco
mate-backgrounds
mate-common
mate-control-center
mate-desktop
mate-icon-theme
mate-media
mate-menus
mate-notification-daemon
mate-panel
mate-polkit
mate-power-manager
mate-screensaver
mate-session-manager
mate-settings-daemon
mate-system-monitor
mate-terminal
mate-themes

# MSB EXTRA:
atril
caja-dropbox
caja-extensions
galculator
gnome-main-menu
mate-applets
mate-icon-theme-faenza
mate-netspeed
mate-sensors-applet
mate-system-tools
mate-utils
mozo
pluma
