# Self-added app list. Feel free to add your favourite apps!

## Stick to my customized kernel:

# Some Libraries:
#libinput
#libxkbcommon
graphviz 
#meson
#libwacom
extra-cmake-modules
gmtk
libpaper
#argon2
udns
mbedtls
#libsodium
#pcre2
c-ares
libev
nodejs
nwjs
rubygem-sass
c-toxcore
libfilteraudio
#check
OpenAL
OpenSceneGraph
freealut
plib
#qt5
#qt5-webkit
python3-sip
python3-PyQt5
pyudev
python-evdev
Markups
MarkupSafe
Markdown
Pygments
pysha3
pytest
PySocks
pycrypto
python3-pycrypto
#python-urllib3
python-markdown-math
python-requestbuilder
#python-requests
Flask
python3-Flask
#PySocks
stem
click
werkzeug
Jinja2
itsdangerous
python3-itsdangerous
python3-Flask-httpauth
psutil
libdaemon
avahi
libseccomp
stfl
qrencode
zsh-syntax-highlighting
zsh-completions
docopt 
python3-pythondialog 
docbook-xml

## Yubikey
pcsc-lite
ccid
opensc

## 输入法
opencc
fcitx-libpinyin
libpinyin
fcitx
fcitx-configtool

## 上网和一些工具（你懂的）
w3m
chromium
shadowsocks-libev
firejail
NetworkManager-nonprism
macchanger
tor
#tor-hardened
tor-browser
torsocks
privoxy
proxychains
signal-desktop
telegram
#riot-web		 #deprecated
uTox
onionshare
twitter
obfs4proxy
v2ray
dnscrypt-proxy
#apparmor
#wireguard-linux-compat
wireguard-tools
openconnect
protonvpn-cli
protonmail-bridge

## 这些不是开源的但比较流行，请自主选择
zoom-linux


## 写写字
libreoffice
libreoffice-langpack_zh_CN
docx2txt
ReText
p7zip
unrar
mattermost-desktop
syncthing
weechat

## 保护菊花系列 - Protect-Your-Data-Goodies:
testdisk
wipe
secure-delete
keepassxc 
veracrypt

## 虚拟机客户端插件
#virtualbox-kernel-addons

## RSS 新闻阅读器
newsboat

## 字体
#noto-cjk-font-ttf

## Docker

## for sysadmin
sbopkg

## for Desktop
icewm
#terminator
