aaa_base
aaa_elflibs
aaa_terminfo
acl
attr
bash
bin
binutils
bind
bison
#bsd-games
bzip2
ca-certificates
coreutils
cpio
cryptsetup
cxxlibs
cyrus-sasl
dcron
dev86
devs
dhcpcd
dialog
diffutils
dmidecode
dnsmasq
e2fsprogs
elvis
etc
eudev
file
findutils
flex
floppy
gawk
gc
gcc
ghostscript
ghostscript-fonts-std
glibc
#glibc-solibs
glibc-zoneinfo
gnupg
gnupg2
gnutls
gpgme
gpm
gptfdisk
grep
groff
guile
gzip
idnkit
infozip
iproute2
iptables
iputils
kbd
kernel-generic
kernel-firmware
kernel-headers
kernel-modules
kmod
less
libassuan
libevent
libgcrypt
libgpg-error
libgudev
libksba
libmpc
libtermcap
libunistring
lilo
links
logrotate
lvm2
make
man
man-pages
mc
mdadm
mkinitrd
mpfr
mtr
nano
ncurses
net-tools
netkit-ftp
netkit-routed
network-scripts
openldap-client
openssh
openssl
parted
pciutils
perl
pkgtools
polkit
procps-ng
pth
python
quota
rsync
screen
sed
shadow
sharutils
slackpkg
slocate
squashfs-tools
sshfs
strace
sudo
sysklogd
syslinux
sysvinit
sysvinit-scripts
tar
terminus-font
traceroute
usbutils
utempter
util-linux
wget
which
whois
xz
