# MSB deps:
atkmm
cairomm
docutils
gksu
glade
glibmm
gssdp
gtk-engines
gtkmm3
gtksourceview3
gupnp
libgksu
libgnomecanvas
libgtop
libsigc++
libunique3
libwnck3
mm-common
murrine
pangomm
pangox-compat
rarian
vte3
yelp-tools
yelp-xsl
zenity

# MSB base:
caja
engrampa
eom
libmatekbd
libmatemixer
libmateweather
marco
mate-backgrounds
mate-common
mate-control-center
mate-desktop
mate-icon-theme
mate-media
mate-menus
mate-notification-daemon
mate-panel
mate-polkit
mate-power-manager
mate-screensaver
mate-session-manager
mate-settings-daemon
mate-system-monitor
mate-terminal
mate-themes

# MSB extra:
atril
caja-dropbox
caja-extensions
galculator
mate-applets
mate-icon-theme-faenza
mate-netspeed
mate-sensors-applet
mate-utils
mozo
pluma
